app/build/outputs/logs/manifest-merger-debug-report.txt
-- Merging decision tree log ---
manifest
ADDED from src\main\AndroidManifest.xml:2:1-380:12
INJECTED from src\main\AndroidManifest.xml:2:1-380:12
INJECTED from src\main\AndroidManifest.xml:2:1-380:12
INJECTED from src\main\AndroidManifest.xml:2:1-380:12
MERGED from [com.android.support:support-v4:21.0.3] AndroidManifest.xml:14:4-17:12
INJECTED from src\main\AndroidManifest.xml:2:1-380:12
INJECTED from src\main\AndroidManifest.xml:2:1-380:12
INJECTED from src\main\AndroidManifest.xml:2:1-380:12
	package
		ADDED from src\main\AndroidManifest.xml:3:5-36
		INJECTED from src\main\AndroidManifest.xml
		INJECTED from src\main\AndroidManifest.xml
	android:versionName
		ADDED from src\main\AndroidManifest.xml:5:5-46
		INJECTED from src\main\AndroidManifest.xml
		INJECTED from src\main\AndroidManifest.xml
	xmlns:android
		ADDED from src\main\AndroidManifest.xml:2:11-69
	android:versionCode
		ADDED from src\main\AndroidManifest.xml:4:5-29
		INJECTED from src\main\AndroidManifest.xml
		INJECTED from src\main\AndroidManifest.xml
supports-screens
ADDED from src\main\AndroidManifest.xml:7:6-11:39
	android:largeScreens
		ADDED from src\main\AndroidManifest.xml:9:9-36
	android:smallScreens
		ADDED from src\main\AndroidManifest.xml:11:9-36
	android:normalScreens
		ADDED from src\main\AndroidManifest.xml:10:9-37
	android:anyDensity
		ADDED from src\main\AndroidManifest.xml:8:9-34
uses-permission#android.permission.CHANGE_NETWORK_STATE
ADDED from src\main\AndroidManifest.xml:14:5-95
	android:name
		ADDED from src\main\AndroidManifest.xml:14:22-76
uses-permission#android.permission.CHANGE_WIFI_STATE
ADDED from src\main\AndroidManifest.xml:15:5-92
	android:name
		ADDED from src\main\AndroidManifest.xml:15:22-73
uses-permission#android.permission.ACCESS_NETWORK_STATE
ADDED from src\main\AndroidManifest.xml:16:5-95
	android:name
		ADDED from src\main\AndroidManifest.xml:16:22-76
uses-permission#android.permission.ACCESS_WIFI_STATE
ADDED from src\main\AndroidManifest.xml:17:5-92
	android:name
		ADDED from src\main\AndroidManifest.xml:17:22-73
uses-permission#android.permission.INTERNET
ADDED from src\main\AndroidManifest.xml:18:5-84
	android:name
		ADDED from src\main\AndroidManifest.xml:18:22-64
uses-permission#android.permission.READ_SMS
ADDED from src\main\AndroidManifest.xml:19:2-80
	android:name
		ADDED from src\main\AndroidManifest.xml:19:19-61
uses-permission#android.permission.RECEIVE_USER_PRESENT
ADDED from src\main\AndroidManifest.xml:21:5-79
	android:name
		ADDED from src\main\AndroidManifest.xml:21:22-76
uses-permission#android.permission.READ_PHONE_STATE
ADDED from src\main\AndroidManifest.xml:23:5-75
	android:name
		ADDED from src\main\AndroidManifest.xml:23:22-72
uses-permission#android.permission.READ_EXTERNAL_STORAGE
ADDED from src\main\AndroidManifest.xml:24:5-80
	android:name
		ADDED from src\main\AndroidManifest.xml:24:22-77
uses-permission#android.permission.SYSTEM_ALERT_WINDOW
ADDED from src\main\AndroidManifest.xml:25:5-78
	android:name
		ADDED from src\main\AndroidManifest.xml:25:22-75
uses-sdk
ADDED from src\main\AndroidManifest.xml:28:5-44
INJECTED from src\main\AndroidManifest.xml:28:5-44
INJECTED from src\main\AndroidManifest.xml:28:5-44
MERGED from [com.android.support:support-v4:21.0.3] AndroidManifest.xml:15:5-42
MERGED from [com.android.support:support-v4:21.0.3] AndroidManifest.xml:15:5-42
INJECTED from src\main\AndroidManifest.xml:28:5-44
INJECTED from src\main\AndroidManifest.xml:28:5-44
	android:targetSdkVersion
		INJECTED from src\main\AndroidManifest.xml
		ADDED from src\main\AndroidManifest.xml:28:5-44
		INJECTED from src\main\AndroidManifest.xml
	android:minSdkVersion
		ADDED from src\main\AndroidManifest.xml:28:15-41
		INJECTED from src\main\AndroidManifest.xml
		INJECTED from src\main\AndroidManifest.xml
uses-permission#android.permission.CHANGE_CONFIGURATION
ADDED from src\main\AndroidManifest.xml:29:5-95
	android:name
		ADDED from src\main\AndroidManifest.xml:29:22-76
uses-permission#com.android.launcher.permission.INSTALL_SHORTCUT
ADDED from src\main\AndroidManifest.xml:30:5-87
	android:name
		ADDED from src\main\AndroidManifest.xml:30:22-85
uses-permission#android.permission.WRITE_EXTERNAL_STORAGE
ADDED from src\main\AndroidManifest.xml:33:5-80
	android:name
		ADDED from src\main\AndroidManifest.xml:33:22-78
uses-permission#android.permission.MOUNT_UNMOUNT_FILESYSTEMS
ADDED from src\main\AndroidManifest.xml:34:5-83
	android:name
		ADDED from src\main\AndroidManifest.xml:34:22-81
uses-permission#android.permission.RECORD_AUDIO
ADDED from src\main\AndroidManifest.xml:35:5-71
	android:name
		ADDED from src\main\AndroidManifest.xml:35:22-68
uses-permission#android.permission.VIBRATE
ADDED from src\main\AndroidManifest.xml:36:5-65
	android:name
		ADDED from src\main\AndroidManifest.xml:36:22-63
uses-permission#android.permission.CAMERA
ADDED from src\main\AndroidManifest.xml:37:5-65
	android:name
		ADDED from src\main\AndroidManifest.xml:37:22-62
uses-permission#android.permission.WRITE_SETTINGS
ADDED from src\main\AndroidManifest.xml:38:5-72
	android:name
		ADDED from src\main\AndroidManifest.xml:38:22-70
uses-feature#android.hardware.camera
ADDED from src\main\AndroidManifest.xml:39:5-84
	android:required
		ADDED from src\main\AndroidManifest.xml:39:58-82
	android:name
		ADDED from src\main\AndroidManifest.xml:39:19-57
uses-feature#android.hardware.camera.autofocus
ADDED from src\main\AndroidManifest.xml:40:5-94
	android:required
		ADDED from src\main\AndroidManifest.xml:40:68-92
	android:name
		ADDED from src\main\AndroidManifest.xml:40:19-67
uses-permission#android.permission.WAKE_LOCK
ADDED from src\main\AndroidManifest.xml:41:5-68
	android:name
		ADDED from src\main\AndroidManifest.xml:41:22-65
uses-permission#android.permission.DISABLE_KEYGUARD
ADDED from src\main\AndroidManifest.xml:42:5-75
	android:name
		ADDED from src\main\AndroidManifest.xml:42:22-72
application
ADDED from src\main\AndroidManifest.xml:46:5-378:19
MERGED from [com.android.support:support-v4:21.0.3] AndroidManifest.xml:16:5-19
MERGED from [com.android.support:support-v4:21.0.3] AndroidManifest.xml:16:5-19
	android:label
		ADDED from src\main\AndroidManifest.xml:48:9-41
	android:uiOptions
		ADDED from src\main\AndroidManifest.xml:50:9-53
	android:icon
		ADDED from src\main\AndroidManifest.xml:47:8-36
	android:theme
		ADDED from src\main\AndroidManifest.xml:49:9-56
activity#freesbell.demo.client.CaptureActivityPortrait
ADDED from src\main\AndroidManifest.xml:51:10-56:20
	android:screenOrientation
		ADDED from src\main\AndroidManifest.xml:54:13-49
	android:windowSoftInputMode
		ADDED from src\main\AndroidManifest.xml:53:13-52
	android:configChanges
		ADDED from src\main\AndroidManifest.xml:55:13-63
	android:name
		ADDED from src\main\AndroidManifest.xml:52:13-73
activity#freesbell.demo.client.OthersSettingActivity
ADDED from src\main\AndroidManifest.xml:57:9-89
	android:name
		ADDED from src\main\AndroidManifest.xml:57:19-77
activity#freesbell.demo.client.LocalPictureAndVideoActivity
ADDED from src\main\AndroidManifest.xml:58:9-96
	android:name
		ADDED from src\main\AndroidManifest.xml:58:19-84
activity#freesbell.demo.client.IpcamClientActivity
ADDED from src\main\AndroidManifest.xml:59:9-66:20
	android:screenOrientation
		ADDED from src\main\AndroidManifest.xml:63:13-49
	android:label
		ADDED from src\main\AndroidManifest.xml:60:13-45
	android:windowSoftInputMode
		ADDED from src\main\AndroidManifest.xml:62:13-52
	android:configChanges
		ADDED from src\main\AndroidManifest.xml:64:13-63
	android:name
		ADDED from src\main\AndroidManifest.xml:61:13-69
activity#com.homeviewer.client.HomeContactorTabActivity
ADDED from src\main\AndroidManifest.xml:67:9-96:20
	android:screenOrientation
		ADDED from src\main\AndroidManifest.xml:70:13-49
	android:label
		ADDED from src\main\AndroidManifest.xml:68:13-45
	android:windowSoftInputMode
		ADDED from src\main\AndroidManifest.xml:74:13-52
	android:uiOptions
		ADDED from src\main\AndroidManifest.xml:72:13-57
	android:configChanges
		ADDED from src\main\AndroidManifest.xml:69:13-62
	android:theme
		ADDED from src\main\AndroidManifest.xml:71:13-51
	android:name
		ADDED from src\main\AndroidManifest.xml:73:13-74
intent-filter#action:name:android.intent.action.MEDIA_MOUNTED+action:name:android.intent.action.MEDIA_SCANNER_SCAN_FILE+action:name:android.intent.action.MEDIA_UNMOUNTED+action:name:android.intent.action.PICK+category:name:android.intent.category.DEFAULT+data:scheme:file
ADDED from src\main\AndroidManifest.xml:77:13-87:29
action#android.intent.action.PICK
ADDED from src\main\AndroidManifest.xml:78:17-69
	android:name
		ADDED from src\main\AndroidManifest.xml:78:25-66
category#android.intent.category.DEFAULT
ADDED from src\main\AndroidManifest.xml:80:17-76
	android:name
		ADDED from src\main\AndroidManifest.xml:80:27-73
action#android.intent.action.MEDIA_MOUNTED
ADDED from src\main\AndroidManifest.xml:82:17-78
	android:name
		ADDED from src\main\AndroidManifest.xml:82:25-75
action#android.intent.action.MEDIA_UNMOUNTED
ADDED from src\main\AndroidManifest.xml:83:17-80
	android:name
		ADDED from src\main\AndroidManifest.xml:83:25-77
action#android.intent.action.MEDIA_SCANNER_SCAN_FILE
ADDED from src\main\AndroidManifest.xml:84:17-87
	android:name
		ADDED from src\main\AndroidManifest.xml:84:25-85
data
ADDED from src\main\AndroidManifest.xml:86:17-47
	android:scheme
		ADDED from src\main\AndroidManifest.xml:86:23-44
	android:mimeType
		ADDED from src\main\AndroidManifest.xml:94:23-45
intent-filter#action:name:android.intent.action.GET_CONTENT+category:name:android.intent.category.DEFAULT+category:name:android.intent.category.OPENABLE+data:mimeType:*/*
ADDED from src\main\AndroidManifest.xml:88:13-95:29
action#android.intent.action.GET_CONTENT
ADDED from src\main\AndroidManifest.xml:89:17-76
	android:name
		ADDED from src\main\AndroidManifest.xml:89:25-73
category#android.intent.category.OPENABLE
ADDED from src\main\AndroidManifest.xml:91:17-77
	android:name
		ADDED from src\main\AndroidManifest.xml:91:27-74
activity#freesbell.demo.client.MainActivity
ADDED from src\main\AndroidManifest.xml:97:9-105:20
	android:screenOrientation
		ADDED from src\main\AndroidManifest.xml:102:13-49
	android:label
		ADDED from src\main\AndroidManifest.xml:98:13-45
	android:windowSoftInputMode
		ADDED from src\main\AndroidManifest.xml:100:13-52
	android:configChanges
		ADDED from src\main\AndroidManifest.xml:103:13-63
	android:theme
		ADDED from src\main\AndroidManifest.xml:101:13-51
	android:name
		ADDED from src\main\AndroidManifest.xml:99:13-62
activity#com.realtek.simpleconfig.SmartLinkActivity
ADDED from src\main\AndroidManifest.xml:106:9-112:20
	android:screenOrientation
		ADDED from src\main\AndroidManifest.xml:110:13-49
	android:label
		ADDED from src\main\AndroidManifest.xml:107:13-38
	android:windowSoftInputMode
		ADDED from src\main\AndroidManifest.xml:109:13-52
	android:configChanges
		ADDED from src\main\AndroidManifest.xml:111:13-63
	android:name
		ADDED from src\main\AndroidManifest.xml:108:13-70
activity#freesbell.demo.client.SearchActivity
ADDED from src\main\AndroidManifest.xml:113:9-119:20
	android:screenOrientation
		ADDED from src\main\AndroidManifest.xml:117:13-49
	android:label
		ADDED from src\main\AndroidManifest.xml:114:13-42
	android:windowSoftInputMode
		ADDED from src\main\AndroidManifest.xml:116:13-52
	android:configChanges
		ADDED from src\main\AndroidManifest.xml:118:13-63
	android:name
		ADDED from src\main\AndroidManifest.xml:115:13-64
activity#freesbell.demo.client.AddCameraActivity
ADDED from src\main\AndroidManifest.xml:121:9-127:25
	android:screenOrientation
		ADDED from src\main\AndroidManifest.xml:126:14-50
	android:label
		ADDED from src\main\AndroidManifest.xml:122:14-40
	android:windowSoftInputMode
		ADDED from src\main\AndroidManifest.xml:125:14-53
	android:configChanges
		ADDED from src\main\AndroidManifest.xml:124:14-64
	android:name
		ADDED from src\main\AndroidManifest.xml:123:14-68
activity#freesbell.demo.client.AddDeviceActivity
ADDED from src\main\AndroidManifest.xml:128:9-135:20
	android:screenOrientation
		ADDED from src\main\AndroidManifest.xml:133:14-50
	android:label
		ADDED from src\main\AndroidManifest.xml:129:14-40
	android:configChanges
		ADDED from src\main\AndroidManifest.xml:131:14-64
	android:name
		ADDED from src\main\AndroidManifest.xml:130:14-68
activity#freesbell.demo.client.PlayActivity
ADDED from src\main\AndroidManifest.xml:136:9-141:20
	android:label
		ADDED from src\main\AndroidManifest.xml:137:13-33
	android:configChanges
		ADDED from src\main\AndroidManifest.xml:139:11-61
	android:name
		ADDED from src\main\AndroidManifest.xml:138:13-62
activity#freesbell.demo.client.CameraViewerActivity
ADDED from src\main\AndroidManifest.xml:142:9-147:20
	android:label
		ADDED from src\main\AndroidManifest.xml:143:13-41
	android:configChanges
		ADDED from src\main\AndroidManifest.xml:145:11-61
	android:name
		ADDED from src\main\AndroidManifest.xml:144:13-70
activity#freesbell.demo.client.SettingActivity
ADDED from src\main\AndroidManifest.xml:148:9-153:20
	android:screenOrientation
		ADDED from src\main\AndroidManifest.xml:151:13-49
	android:label
		ADDED from src\main\AndroidManifest.xml:149:13-36
	android:configChanges
		ADDED from src\main\AndroidManifest.xml:152:13-63
	android:name
		ADDED from src\main\AndroidManifest.xml:150:13-65
activity#freesbell.demo.client.HardwareResourceSettingActivity
ADDED from src\main\AndroidManifest.xml:155:9-160:20
	android:screenOrientation
		ADDED from src\main\AndroidManifest.xml:158:13-49
	android:label
		ADDED from src\main\AndroidManifest.xml:156:13-60
	android:configChanges
		ADDED from src\main\AndroidManifest.xml:159:13-63
	android:name
		ADDED from src\main\AndroidManifest.xml:157:13-81
activity#freesbell.demo.client.WifiControllerTestActivity
ADDED from src\main\AndroidManifest.xml:162:9-168:15
	android:screenOrientation
		ADDED from src\main\AndroidManifest.xml:165:13-49
	android:label
		ADDED from src\main\AndroidManifest.xml:163:13-55
	android:windowSoftInputMode
		ADDED from src\main\AndroidManifest.xml:166:13-52
	android:configChanges
		ADDED from src\main\AndroidManifest.xml:167:13-63
	android:name
		ADDED from src\main\AndroidManifest.xml:164:13-76
activity#freesbell.demo.client.SettingSensorActivity
ADDED from src\main\AndroidManifest.xml:169:3-176:20
	android:screenOrientation
		ADDED from src\main\AndroidManifest.xml:172:13-49
	android:label
		ADDED from src\main\AndroidManifest.xml:170:13-50
	android:windowSoftInputMode
		ADDED from src\main\AndroidManifest.xml:173:13-52
	android:configChanges
		ADDED from src\main\AndroidManifest.xml:174:13-63
	android:name
		ADDED from src\main\AndroidManifest.xml:171:13-71
activity#freesbell.demo.client.DeviceAttributeActivity
ADDED from src\main\AndroidManifest.xml:177:9-184:20
	android:screenOrientation
		ADDED from src\main\AndroidManifest.xml:180:13-49
	android:label
		ADDED from src\main\AndroidManifest.xml:178:13-52
	android:windowSoftInputMode
		ADDED from src\main\AndroidManifest.xml:181:13-52
	android:configChanges
		ADDED from src\main\AndroidManifest.xml:182:13-63
	android:name
		ADDED from src\main\AndroidManifest.xml:179:13-73
activity#freesbell.demo.client.SettingUserActivity
ADDED from src\main\AndroidManifest.xml:185:13-191:29
	android:screenOrientation
		ADDED from src\main\AndroidManifest.xml:188:17-53
	android:label
		ADDED from src\main\AndroidManifest.xml:186:17-44
	android:windowSoftInputMode
		ADDED from src\main\AndroidManifest.xml:189:17-56
	android:configChanges
		ADDED from src\main\AndroidManifest.xml:190:17-67
	android:name
		ADDED from src\main\AndroidManifest.xml:187:17-73
activity#freesbell.demo.client.TestSnapshot
ADDED from src\main\AndroidManifest.xml:192:13-198:29
	android:screenOrientation
		ADDED from src\main\AndroidManifest.xml:195:17-53
	android:label
		ADDED from src\main\AndroidManifest.xml:193:17-45
	android:windowSoftInputMode
		ADDED from src\main\AndroidManifest.xml:196:17-56
	android:configChanges
		ADDED from src\main\AndroidManifest.xml:197:17-67
	android:name
		ADDED from src\main\AndroidManifest.xml:194:17-66
activity#freesbell.demo.client.SettingGPIOActivity
ADDED from src\main\AndroidManifest.xml:199:13-206:24
	android:screenOrientation
		ADDED from src\main\AndroidManifest.xml:202:17-53
	android:label
		ADDED from src\main\AndroidManifest.xml:200:17-45
	android:windowSoftInputMode
		ADDED from src\main\AndroidManifest.xml:203:17-56
	android:configChanges
		ADDED from src\main\AndroidManifest.xml:204:17-67
	android:name
		ADDED from src\main\AndroidManifest.xml:201:17-73
activity#freesbell.demo.client.SettingSubdevActivity
ADDED from src\main\AndroidManifest.xml:207:13-214:24
	android:screenOrientation
		ADDED from src\main\AndroidManifest.xml:210:17-53
	android:label
		ADDED from src\main\AndroidManifest.xml:208:17-47
	android:windowSoftInputMode
		ADDED from src\main\AndroidManifest.xml:211:17-56
	android:configChanges
		ADDED from src\main\AndroidManifest.xml:212:17-67
	android:name
		ADDED from src\main\AndroidManifest.xml:209:17-75
activity#freesbell.demo.client.SubdevHWResSettingActivity
ADDED from src\main\AndroidManifest.xml:215:13-222:24
	android:screenOrientation
		ADDED from src\main\AndroidManifest.xml:218:17-53
	android:label
		ADDED from src\main\AndroidManifest.xml:216:17-59
	android:windowSoftInputMode
		ADDED from src\main\AndroidManifest.xml:219:17-56
	android:configChanges
		ADDED from src\main\AndroidManifest.xml:220:17-67
	android:name
		ADDED from src\main\AndroidManifest.xml:217:17-80
activity#freesbell.demo.client.AlarmAreaSelectionActivity
ADDED from src\main\AndroidManifest.xml:223:13-230:24
	android:screenOrientation
		ADDED from src\main\AndroidManifest.xml:226:17-53
	android:label
		ADDED from src\main\AndroidManifest.xml:224:17-59
	android:windowSoftInputMode
		ADDED from src\main\AndroidManifest.xml:227:17-56
	android:configChanges
		ADDED from src\main\AndroidManifest.xml:228:17-67
	android:name
		ADDED from src\main\AndroidManifest.xml:225:17-80
activity#freesbell.demo.client.SettingAlarmActivity
ADDED from src\main\AndroidManifest.xml:231:13-236:29
	android:screenOrientation
		ADDED from src\main\AndroidManifest.xml:234:17-53
	android:windowSoftInputMode
		ADDED from src\main\AndroidManifest.xml:233:17-56
	android:configChanges
		ADDED from src\main\AndroidManifest.xml:235:17-67
	android:name
		ADDED from src\main\AndroidManifest.xml:232:17-74
activity#freesbell.demo.client.SettingMailActivity
ADDED from src\main\AndroidManifest.xml:237:14-242:29
	android:screenOrientation
		ADDED from src\main\AndroidManifest.xml:240:17-53
	android:windowSoftInputMode
		ADDED from src\main\AndroidManifest.xml:239:17-56
	android:configChanges
		ADDED from src\main\AndroidManifest.xml:241:17-67
	android:name
		ADDED from src\main\AndroidManifest.xml:238:17-73
activity#freesbell.demo.client.SettingDNSActivity
ADDED from src\main\AndroidManifest.xml:243:15-248:29
	android:screenOrientation
		ADDED from src\main\AndroidManifest.xml:246:17-53
	android:windowSoftInputMode
		ADDED from src\main\AndroidManifest.xml:245:17-56
	android:configChanges
		ADDED from src\main\AndroidManifest.xml:247:17-67
	android:name
		ADDED from src\main\AndroidManifest.xml:244:17-72
activity#freesbell.demo.client.SettingWifiActivity
ADDED from src\main\AndroidManifest.xml:249:15-254:29
	android:screenOrientation
		ADDED from src\main\AndroidManifest.xml:252:17-53
	android:windowSoftInputMode
		ADDED from src\main\AndroidManifest.xml:251:17-56
	android:configChanges
		ADDED from src\main\AndroidManifest.xml:253:17-67
	android:name
		ADDED from src\main\AndroidManifest.xml:250:17-73
activity#freesbell.demo.client.SettingEthernetActivity
ADDED from src\main\AndroidManifest.xml:255:15-262:22
	android:screenOrientation
		ADDED from src\main\AndroidManifest.xml:258:14-50
	android:label
		ADDED from src\main\AndroidManifest.xml:256:14-45
	android:windowSoftInputMode
		ADDED from src\main\AndroidManifest.xml:260:14-53
	android:configChanges
		ADDED from src\main\AndroidManifest.xml:259:14-64
	android:name
		ADDED from src\main\AndroidManifest.xml:257:14-74
activity#freesbell.demo.client.SettingMobileNetworkActivity
ADDED from src\main\AndroidManifest.xml:263:11-270:22
	android:screenOrientation
		ADDED from src\main\AndroidManifest.xml:266:14-50
	android:label
		ADDED from src\main\AndroidManifest.xml:264:14-50
	android:windowSoftInputMode
		ADDED from src\main\AndroidManifest.xml:268:14-53
	android:configChanges
		ADDED from src\main\AndroidManifest.xml:267:14-64
	android:name
		ADDED from src\main\AndroidManifest.xml:265:14-79
activity#freesbell.demo.client.SettingPtzActivity
ADDED from src\main\AndroidManifest.xml:271:15-276:29
	android:screenOrientation
		ADDED from src\main\AndroidManifest.xml:274:17-53
	android:windowSoftInputMode
		ADDED from src\main\AndroidManifest.xml:273:17-56
	android:configChanges
		ADDED from src\main\AndroidManifest.xml:275:17-67
	android:name
		ADDED from src\main\AndroidManifest.xml:272:17-72
activity#freesbell.demo.client.SettingDateActivity
ADDED from src\main\AndroidManifest.xml:277:15-282:29
	android:screenOrientation
		ADDED from src\main\AndroidManifest.xml:280:17-53
	android:windowSoftInputMode
		ADDED from src\main\AndroidManifest.xml:279:17-56
	android:configChanges
		ADDED from src\main\AndroidManifest.xml:281:17-67
	android:name
		ADDED from src\main\AndroidManifest.xml:278:17-73
activity#freesbell.demo.client.AlarmLogActivity
ADDED from src\main\AndroidManifest.xml:283:17-287:33
	android:screenOrientation
		ADDED from src\main\AndroidManifest.xml:285:21-57
	android:launchMode
		ADDED from src\main\AndroidManifest.xml:286:21-52
	android:name
		ADDED from src\main\AndroidManifest.xml:284:21-74
activity#freesbell.demo.client.PlayBackTFActivity
ADDED from src\main\AndroidManifest.xml:288:17-291:33
	android:screenOrientation
		ADDED from src\main\AndroidManifest.xml:290:21-57
	android:name
		ADDED from src\main\AndroidManifest.xml:289:21-76
activity#freesbell.demo.client.PlayBackActivity
ADDED from src\main\AndroidManifest.xml:292:17-297:33
	android:screenOrientation
		ADDED from src\main\AndroidManifest.xml:295:21-55
	android:configChanges
		ADDED from src\main\AndroidManifest.xml:296:13-74
	android:name
		ADDED from src\main\AndroidManifest.xml:293:21-74
activity#freesbell.demo.client.ShowLocalPicGridActivity
ADDED from src\main\AndroidManifest.xml:298:17-302:33
	android:screenOrientation
		ADDED from src\main\AndroidManifest.xml:300:21-57
	android:configChanges
		ADDED from src\main\AndroidManifest.xml:301:21-71
	android:name
		ADDED from src\main\AndroidManifest.xml:299:21-82
activity#freesbell.demo.client.AlarmActivity
ADDED from src\main\AndroidManifest.xml:303:17-307:33
	android:screenOrientation
		ADDED from src\main\AndroidManifest.xml:305:21-57
	android:configChanges
		ADDED from src\main\AndroidManifest.xml:306:21-71
	android:name
		ADDED from src\main\AndroidManifest.xml:304:21-71
activity#freesbell.demo.client.VideoActivity
ADDED from src\main\AndroidManifest.xml:308:17-312:33
	android:screenOrientation
		ADDED from src\main\AndroidManifest.xml:310:21-57
	android:configChanges
		ADDED from src\main\AndroidManifest.xml:311:21-71
	android:name
		ADDED from src\main\AndroidManifest.xml:309:21-71
activity#freesbell.demo.client.ShowLocalVideoActivity
ADDED from src\main\AndroidManifest.xml:314:17-318:33
	android:screenOrientation
		ADDED from src\main\AndroidManifest.xml:316:21-57
	android:configChanges
		ADDED from src\main\AndroidManifest.xml:317:21-71
	android:name
		ADDED from src\main\AndroidManifest.xml:315:21-80
activity#freesbell.demo.client.LocalVideoListActivity
ADDED from src\main\AndroidManifest.xml:319:17-323:33
	android:screenOrientation
		ADDED from src\main\AndroidManifest.xml:321:21-57
	android:configChanges
		ADDED from src\main\AndroidManifest.xml:322:21-71
	android:name
		ADDED from src\main\AndroidManifest.xml:320:21-58
activity#freesbell.demo.client.LocalVideoGridActivity
ADDED from src\main\AndroidManifest.xml:324:17-328:33
	android:screenOrientation
		ADDED from src\main\AndroidManifest.xml:326:21-57
	android:configChanges
		ADDED from src\main\AndroidManifest.xml:327:21-71
	android:name
		ADDED from src\main\AndroidManifest.xml:325:21-80
activity#object.p2pcamviewer.zxingtwodimensioncode.CaptureActivity
ADDED from src\main\AndroidManifest.xml:329:17-335:33
	android:screenOrientation
		ADDED from src\main\AndroidManifest.xml:332:15-51
	android:windowSoftInputMode
		ADDED from src\main\AndroidManifest.xml:334:15-62
	android:configChanges
		ADDED from src\main\AndroidManifest.xml:331:21-71
	android:theme
		ADDED from src\main\AndroidManifest.xml:333:15-73
	android:name
		ADDED from src\main\AndroidManifest.xml:330:21-93
activity#freesbell.demo.client.SettingSDCardActivity
ADDED from src\main\AndroidManifest.xml:336:18-340:33
	android:screenOrientation
		ADDED from src\main\AndroidManifest.xml:338:21-57
	android:configChanges
		ADDED from src\main\AndroidManifest.xml:339:21-71
	android:name
		ADDED from src\main\AndroidManifest.xml:337:21-79
activity#freesbell.demo.client.StartActivity
ADDED from src\main\AndroidManifest.xml:342:9-352:20
	android:screenOrientation
		ADDED from src\main\AndroidManifest.xml:345:13-49
	android:label
		ADDED from src\main\AndroidManifest.xml:343:13-45
	android:windowSoftInputMode
		ADDED from src\main\AndroidManifest.xml:346:13-52
	android:configChanges
		ADDED from src\main\AndroidManifest.xml:347:13-63
	android:name
		ADDED from src\main\AndroidManifest.xml:344:13-63
intent-filter#action:name:android.intent.action.MAIN+category:name:android.intent.category.LAUNCHER
ADDED from src\main\AndroidManifest.xml:348:13-351:29
action#android.intent.action.MAIN
ADDED from src\main\AndroidManifest.xml:349:17-69
	android:name
		ADDED from src\main\AndroidManifest.xml:349:25-66
category#android.intent.category.LAUNCHER
ADDED from src\main\AndroidManifest.xml:350:17-77
	android:name
		ADDED from src\main\AndroidManifest.xml:350:27-74
service#freesbell.demo.client.BridgeService
ADDED from src\main\AndroidManifest.xml:353:9-79
	android:name
		ADDED from src\main\AndroidManifest.xml:353:18-68
activity#com.exception.uncaughthandler.CranshReport
ADDED from src\main\AndroidManifest.xml:355:10-359:40
	android:process
		ADDED from src\main\AndroidManifest.xml:359:13-37
	android:label
		ADDED from src\main\AndroidManifest.xml:358:13-49
	android:configChanges
		ADDED from src\main\AndroidManifest.xml:357:13-63
	android:name
		ADDED from src\main\AndroidManifest.xml:356:13-70
activity#com.wifi.connecter.MainActivity
ADDED from src\main\AndroidManifest.xml:361:3-373:14
	android:excludeFromRecents
		ADDED from src\main\AndroidManifest.xml:364:4-37
	android:launchMode
		ADDED from src\main\AndroidManifest.xml:363:4-39
	android:noHistory
		ADDED from src\main\AndroidManifest.xml:365:4-28
	android:theme
		ADDED from src\main\AndroidManifest.xml:362:4-47
	android:name
		ADDED from src\main\AndroidManifest.xml:361:13-59
intent-filter#category:name:android.intent.category.INFO
ADDED from src\main\AndroidManifest.xml:366:4-368:20
category#android.intent.category.INFO
ADDED from src\main\AndroidManifest.xml:367:5-61
	android:name
		ADDED from src\main\AndroidManifest.xml:367:15-58
intent-filter#action:name:com.wifi.connecter.FB_WIFI_CONNECT_OR_EDIT+category:name:android.intent.category.DEFAULT
ADDED from src\main\AndroidManifest.xml:369:4-372:20
action#com.wifi.connecter.FB_WIFI_CONNECT_OR_EDIT
ADDED from src\main\AndroidManifest.xml:370:5-73
	android:name
		ADDED from src\main\AndroidManifest.xml:370:13-70
service#com.wifi.connecter.ReenableAllApsWhenNetworkStateChanged$BackgroundService
ADDED from src\main\AndroidManifest.xml:374:10-376:19
	android:name
		ADDED from src\main\AndroidManifest.xml:375:7-96